#
# There is insufficient memory for the Java Runtime Environment to continue.
# Native memory allocation (malloc) failed to allocate 103712 bytes for Chunk::new
# Possible reasons:
#   The system is out of physical RAM or swap space
#   In 32 bit mode, the process size limit was hit
# Possible solutions:
#   Reduce memory load on the system
#   Increase physical memory or swap space
#   Check if swap backing store is full
#   Use 64 bit Java on a 64 bit OS
#   Decrease Java heap size (-Xmx/-Xms)
#   Decrease number of Java threads
#   Decrease Java thread stack sizes (-Xss)
#   Set larger code cache with -XX:ReservedCodeCacheSize=
# This output file may be truncated or incomplete.
#
#  Out of Memory Error (allocation.cpp:390), pid=8620, tid=5996
#
# JRE version: Java(TM) SE Runtime Environment (8.0_60-b27) (build 1.8.0_60-b27)
# Java VM: Java HotSpot(TM) 64-Bit Server VM (25.60-b23 mixed mode windows-amd64 compressed oops)
# Failed to write core dump. Minidumps are not enabled by default on client versions of Windows
#

---------------  T H R E A D  ---------------

Current thread (0x0000000014746000):  JavaThread "C2 CompilerThread1" daemon [_thread_in_native, id=5996, stack(0x0000000015e30000,0x0000000015f30000)]

Stack: [0x0000000015e30000,0x0000000015f30000]
[error occurred during error reporting (printing stack bounds), id 0xc0000005]

Native frames: (J=compiled Java code, j=interpreted, Vv=VM code, C=native code)


Current CompileTask:
C2:   1636  956       4       com.android.dx.dex.code.OutputFinisher::addConstants (93 bytes)


---------------  P R O C E S S  ---------------

Java Threads: ( => current thread )
  0x0000000017047000 JavaThread "pool-1-thread-1" [_thread_in_Java, id=8700, stack(0x0000000016630000,0x0000000016730000)]
  0x0000000016035800 JavaThread "Service Thread" daemon [_thread_blocked, id=3188, stack(0x0000000016430000,0x0000000016530000)]
  0x000000001474c000 JavaThread "C1 CompilerThread2" daemon [_thread_in_native, id=6960, stack(0x0000000015f30000,0x0000000016030000)]
=>0x0000000014746000 JavaThread "C2 CompilerThread1" daemon [_thread_in_native, id=5996, stack(0x0000000015e30000,0x0000000015f30000)]
  0x00000000146e9000 JavaThread "C2 CompilerThread0" daemon [_thread_blocked, id=5412, stack(0x0000000015d30000,0x0000000015e30000)]
  0x00000000146e7000 JavaThread "Attach Listener" daemon [_thread_blocked, id=8984, stack(0x0000000015c30000,0x0000000015d30000)]
  0x00000000146e5800 JavaThread "Signal Dispatcher" daemon [_thread_blocked, id=220, stack(0x0000000015b30000,0x0000000015c30000)]
  0x0000000002016000 JavaThread "Finalizer" daemon [_thread_blocked, id=7440, stack(0x0000000015950000,0x0000000015a50000)]
  0x000000000200d000 JavaThread "Reference Handler" daemon [_thread_blocked, id=1148, stack(0x0000000015850000,0x0000000015950000)]
  0x0000000001f20800 JavaThread "main" [_thread_blocked, id=8556, stack(0x0000000001c60000,0x0000000001d60000)]

Other Threads:
  0x00000000146b8000 VMThread [stack: 0x0000000015750000,0x0000000015850000] [id=7036]
  0x0000000016050800 WatcherThread [stack: 0x0000000016530000,0x0000000016630000] [id=8196]

VM state:not at safepoint (normal execution)

VM Mutex/Monitor currently owned by a thread:  ([mutex/lock_event])
[0x0000000001e1b750] CodeCache_lock - owner thread: 0x0000000000000000

Heap:
 PSYoungGen      total 38400K, used 19325K [0x00000000eab00000, 0x00000000ed580000, 0x0000000100000000)
  eden space 33280K, 58% used [0x00000000eab00000,0x00000000ebddf660,0x00000000ecb80000)
  from space 5120K, 0% used [0x00000000ed080000,0x00000000ed080000,0x00000000ed580000)
  to   space 5120K, 0% used [0x00000000ecb80000,0x00000000ecb80000,0x00000000ed080000)
 ParOldGen       total 87552K, used 0K [0x00000000c0000000, 0x00000000c5580000, 0x00000000eab00000)
  object space 87552K, 0% used [0x00000000c0000000,0x00000000c0000000,0x00000000c5580000)
 Metaspace       used 5759K, capacity 6832K, committed 7040K, reserved 1056768K
  class space    used 596K, capacity 616K, committed 640K, reserved 1048576K

Card table byte_map: [0x00000000113e0000,0x00000000115f0000] byte_map_base: 0x0000000010de0000

Marking Bits: (ParMarkBitMap*) 0x000000006aaaa5b0
 Begin Bits: [0x0000000011b50000, 0x0000000012b50000)
 End Bits:   [0x0000000012b50000, 0x0000000013b50000)

Polling page: 0x0000000000660000

CodeCache: size=245760Kb used=3895Kb max_used=3896Kb free=241864Kb
 bounds [0x0000000002020000, 0x0000000002400000, 0x0000000011020000]
 total_blobs=1251 nmethods=989 adapters=175
 compilation: enabled

Compilation events (10 events):
Event: 1.631 Thread 0x000000001474c000 nmethod 983 0x00000000023ee4d0 code [0x00000000023ee620, 0x00000000023ee730]
Event: 1.631 Thread 0x000000001474c000  984       1       com.android.dx.dex.code.DalvInsn::getRegisters (5 bytes)
Event: 1.631 Thread 0x000000001474c000 nmethod 984 0x00000000023ee210 code [0x00000000023ee360, 0x00000000023ee470]
Event: 1.631 Thread 0x000000001474c000  985       1       com.android.dx.dex.code.Dop::getFormat (5 bytes)
Event: 1.631 Thread 0x000000001474c000 nmethod 985 0x00000000023edf50 code [0x00000000023ee0a0, 0x00000000023ee1b0]
Event: 1.634 Thread 0x000000001474c000  986       1       com.android.dx.dex.code.form.SpecialFormat::isCompatible (2 bytes)
Event: 1.634 Thread 0x000000001474c000 nmethod 986 0x00000000023edc90 code [0x00000000023edde0, 0x00000000023edef0]
Event: 1.635 Thread 0x000000001474c000  987       1       com.android.dx.dex.code.ZeroSizeInsn::codeSize (2 bytes)
Event: 1.635 Thread 0x000000001474c000 nmethod 987 0x00000000023ed9d0 code [0x00000000023edb20, 0x00000000023edc30]
Event: 1.635 Thread 0x000000001474c000  988       3       com.android.dx.dex.code.DalvInsnList::get (9 bytes)

GC Heap History (0 events):
No events

Deoptimization events (10 events):
Event: 0.872 Thread 0x0000000016273000 Uncommon trap: reason=unloaded action=reinterpret pc=0x00000000022a4a6c method=com.android.dx.ssa.SsaRenamer$BlockRenamer.visitMoveInsn(Lcom/android/dx/ssa/NormalSsaInsn;)V @ 208
Event: 0.872 Thread 0x0000000016273000 Uncommon trap: reason=unstable_if action=reinterpret pc=0x00000000022e3ee8 method=java.util.HashMap.getNode(ILjava/lang/Object;)Ljava/util/HashMap$Node; @ 129
Event: 0.872 Thread 0x0000000016273000 Uncommon trap: reason=unstable_if action=reinterpret pc=0x00000000022507ec method=java.util.HashMap.getNode(ILjava/lang/Object;)Ljava/util/HashMap$Node; @ 129
Event: 0.888 Thread 0x0000000016273000 Uncommon trap: reason=unstable_if action=reinterpret pc=0x00000000022a05c8 method=java.util.HashMap.getNode(ILjava/lang/Object;)Ljava/util/HashMap$Node; @ 129
Event: 0.915 Thread 0x0000000016273000 Uncommon trap: reason=class_check action=maybe_recompile pc=0x00000000022e59b0 method=com.android.dx.rop.type.Type.equals(Ljava/lang/Object;)Z @ 8
Event: 0.915 Thread 0x0000000016273000 Uncommon trap: reason=unstable_if action=reinterpret pc=0x000000000233fbd8 method=com.android.dx.rop.code.RegisterSpec.equals(ILcom/android/dx/rop/type/TypeBearer;Lcom/android/dx/rop/code/LocalItem;)Z @ 16
Event: 0.915 Thread 0x0000000016273000 Uncommon trap: reason=unstable_if action=reinterpret pc=0x00000000022bef0c method=com.android.dx.rop.code.RegisterSpec.equals(ILcom/android/dx/rop/type/TypeBearer;Lcom/android/dx/rop/code/LocalItem;)Z @ 16
Event: 0.915 Thread 0x0000000016273000 Uncommon trap: reason=class_check action=maybe_recompile pc=0x00000000022e59b0 method=com.android.dx.rop.type.Type.equals(Ljava/lang/Object;)Z @ 8
Event: 0.915 Thread 0x0000000016273000 Uncommon trap: reason=class_check action=maybe_recompile pc=0x00000000022e59b0 method=com.android.dx.rop.type.Type.equals(Ljava/lang/Object;)Z @ 8
Event: 0.915 Thread 0x0000000016273000 Uncommon trap: reason=class_check action=maybe_recompile pc=0x00000000022e59b0 method=com.android.dx.rop.type.Type.equals(Ljava/lang/Object;)Z @ 8

Internal exceptions (2 events):
Event: 0.081 Thread 0x0000000001f20800 Exception <a 'java/lang/NoSuchMethodError': Method sun.misc.Unsafe.defineClass(Ljava/lang/String;[BII)Ljava/lang/Class; name or signature does not match> (0x00000000eab0d340) thrown at [C:\re\workspace\8-2-build-windows-amd64-cygwin\jdk8u60\4407\hotspot\sr»/Jü]Ö´?
Event: 0.081 Thread 0x0000000001f20800 Exception <a 'java/lang/NoSuchMethodError': Method sun.misc.Unsafe.prefetchRead(Ljava/lang/Object;J)V name or signature does not match> (0x00000000eab0d628) thrown at [C:\re\workspace\8-2-build-windows-amd64-cygwin\jdk8u60\4407\hotspot\src\share\vm\prims\j

Events (10 events):
Event: 1.632 loading class com/android/dx/dex/code/LocalList$MakeState
Event: 1.632 loading class com/android/dx/dex/code/LocalList$MakeState done
Event: 1.633 loading class com/android/dx/dex/code/LocalList$Disposition
Event: 1.633 loading class com/android/dx/dex/code/LocalList$Disposition done
Event: 1.633 loading class com/android/dx/dex/code/LocalList$Entry
Event: 1.633 loading class com/android/dx/dex/code/LocalList$Entry done
Event: 1.633 loading class com/android/dx/dex/code/CatchHandlerList
Event: 1.633 loading class com/android/dx/dex/code/CatchHandlerList done
Event: 1.634 loading class com/android/dx/dex/code/CatchTable
Event: 1.634 loading class com/android/dx/dex/code/CatchTable done


Dynamic libraries:
0x00007ff77b240000 - 0x00007ff77b277000 	C:\Program Files\Java\jdk1.8.0_60\bin\java.exe
0x00007ffff0460000 - 0x00007ffff0622000 	C:\WINDOWS\SYSTEM32\ntdll.dll
0x00007fffef5d0000 - 0x00007fffef67d000 	C:\WINDOWS\system32\KERNEL32.DLL
0x00007fffed7a0000 - 0x00007fffed97d000 	C:\WINDOWS\system32\KERNELBASE.dll
0x00007fffef7b0000 - 0x00007fffef856000 	C:\WINDOWS\system32\ADVAPI32.dll
0x00007fffefb70000 - 0x00007fffefc0d000 	C:\WINDOWS\system32\msvcrt.dll
0x00007fffedc40000 - 0x00007fffedc9b000 	C:\WINDOWS\system32\sechost.dll
0x00007fffef680000 - 0x00007fffef7a6000 	C:\WINDOWS\system32\RPCRT4.dll
0x00007fffef9c0000 - 0x00007fffefb0e000 	C:\WINDOWS\system32\USER32.dll
0x00007ffff02d0000 - 0x00007ffff0456000 	C:\WINDOWS\system32\GDI32.dll
0x00007fffe74d0000 - 0x00007fffe7744000 	C:\WINDOWS\WinSxS\amd64_microsoft.windows.common-controls_6595b64144ccf1df_6.0.10240.16384_none_f41f7b285750ef43\COMCTL32.dll
0x00007fffefce0000 - 0x00007fffefd16000 	C:\WINDOWS\system32\IMM32.DLL
0x00007fffef860000 - 0x00007fffef9bc000 	C:\WINDOWS\system32\MSCTF.dll
0x0000000069d00000 - 0x0000000069dd2000 	C:\Program Files\Java\jdk1.8.0_60\jre\bin\msvcr100.dll
0x000000006a2a0000 - 0x000000006ab29000 	C:\Program Files\Java\jdk1.8.0_60\jre\bin\server\jvm.dll
0x00007fffefcd0000 - 0x00007fffefcd8000 	C:\WINDOWS\system32\PSAPI.DLL
0x00007fffe3f60000 - 0x00007fffe3f69000 	C:\WINDOWS\SYSTEM32\WSOCK32.dll
0x00007fffeddb0000 - 0x00007fffede19000 	C:\WINDOWS\system32\WS2_32.dll
0x00007fffef390000 - 0x00007fffef398000 	C:\WINDOWS\system32\NSI.dll
0x00007fffeb3a0000 - 0x00007fffeb3c3000 	C:\WINDOWS\SYSTEM32\WINMM.dll
0x00007fffe9b90000 - 0x00007fffe9b9a000 	C:\WINDOWS\SYSTEM32\VERSION.dll
0x00007fffeb340000 - 0x00007fffeb36c000 	C:\WINDOWS\SYSTEM32\WINMMBASE.dll
0x00007fffecef0000 - 0x00007fffecf34000 	C:\WINDOWS\system32\cfgmgr32.dll
0x00007fffeb7c0000 - 0x00007fffeb7e7000 	C:\WINDOWS\SYSTEM32\DEVOBJ.dll
0x000000006a1b0000 - 0x000000006a1bf000 	C:\Program Files\Java\jdk1.8.0_60\jre\bin\verify.dll
0x000000006a180000 - 0x000000006a1a9000 	C:\Program Files\Java\jdk1.8.0_60\jre\bin\java.dll
0x000000006a160000 - 0x000000006a176000 	C:\Program Files\Java\jdk1.8.0_60\jre\bin\zip.dll
0x00007fffede20000 - 0x00007fffef388000 	C:\WINDOWS\system32\SHELL32.dll
0x00007fffecf40000 - 0x00007fffed568000 	C:\WINDOWS\system32\windows.storage.dll
0x00007fffefe90000 - 0x00007ffff010c000 	C:\WINDOWS\system32\combase.dll
0x00007fffefb10000 - 0x00007fffefb61000 	C:\WINDOWS\system32\shlwapi.dll
0x00007fffecee0000 - 0x00007fffeceef000 	C:\WINDOWS\system32\kernel.appcore.dll
0x00007fffed980000 - 0x00007fffeda33000 	C:\WINDOWS\system32\shcore.dll
0x00007fffece90000 - 0x00007fffeceda000 	C:\WINDOWS\system32\powrprof.dll
0x00007fffece50000 - 0x00007fffece63000 	C:\WINDOWS\system32\profapi.dll
0x00007fffefc10000 - 0x00007fffefcce000 	C:\WINDOWS\system32\OLEAUT32.dll

VM Arguments:
jvm_args: -Djava.awt.headless=true -Xmx1024M -Dfile.encoding=windows-1252 -Duser.country=US -Duser.language=en -Duser.variant 
java_command: com.android.dx.command.Main --dex --force-jumbo --num-threads=4 --multi-dex --output C:\Users\dener\AndroidStudioProjects\OpenCVDemo\app\build\intermediates\transforms\dex\debug\folders\1000\5\slice_9 C:\Users\dener\AndroidStudioProjects\OpenCVDemo\app\build\intermediates\transforms\instantRunSlicer\debug\folders\1\5\slice_9
java_class_path (initial): C:\Users\dener\AppData\Local\Android\sdk\build-tools\23.0.3\lib\dx.jar
Launcher Type: SUN_STANDARD

Environment Variables:
PATH=C:\ProgramData\Oracle\Java\javapath;C:\WINDOWS\system32;C:\WINDOWS;C:\WINDOWS\System32\Wbem;C:\WINDOWS\System32\WindowsPowerShell\v1.0\;C:\Program Files (x86)\NVIDIA Corporation\PhysX\Common;C:\Program Files (x86)\Skype\Phone\;C:\Program Files (x86)\Windows Live\Shared;C:\Program Files (x86)\GtkSharp\2.12\bin
USERNAME=dener
OS=Windows_NT
PROCESSOR_IDENTIFIER=Intel64 Family 6 Model 58 Stepping 9, GenuineIntel



---------------  S Y S T E M  ---------------

OS: Windows 10.0 , 64 bit Build 10240 (10.0.10240.16384)

CPU:total 4 (4 cores per cpu, 1 threads per core) family 6 model 58 stepping 9, cmov, cx8, fxsr, mmx, sse, sse2, sse3, ssse3, sse4.1, sse4.2, popcnt, avx, aes, clmul, erms, tsc, tscinvbit, tscinv

Memory: 4k page, physical 8333200k(1209424k free), swap 9381776k(6364k free)

vm_info: Java HotSpot(TM) 64-Bit Server VM (25.60-b23) for windows-amd64 JRE (1.8.0_60-b27), built on Aug  4 2015 11:06:27 by "java_re" with MS VC++ 10.0 (VS2010)

time: Thu May 05 01:24:16 2016
elapsed time: 1 seconds (0d 0h 0m 1s)

