#
# There is insufficient memory for the Java Runtime Environment to continue.
# Native memory allocation (malloc) failed to allocate 103056 bytes for Chunk::new
# Possible reasons:
#   The system is out of physical RAM or swap space
#   In 32 bit mode, the process size limit was hit
# Possible solutions:
#   Reduce memory load on the system
#   Increase physical memory or swap space
#   Check if swap backing store is full
#   Use 64 bit Java on a 64 bit OS
#   Decrease Java heap size (-Xmx/-Xms)
#   Decrease number of Java threads
#   Decrease Java thread stack sizes (-Xss)
#   Set larger code cache with -XX:ReservedCodeCacheSize=
# This output file may be truncated or incomplete.
#
#  Out of Memory Error (allocation.cpp:390), pid=4464, tid=8436
#
# JRE version: Java(TM) SE Runtime Environment (8.0_60-b27) (build 1.8.0_60-b27)
# Java VM: Java HotSpot(TM) 64-Bit Server VM (25.60-b23 mixed mode windows-amd64 compressed oops)
# Failed to write core dump. Minidumps are not enabled by default on client versions of Windows
#

---------------  T H R E A D  ---------------

Current thread (0x0000000015710000):  JavaThread "C2 CompilerThread1" daemon [_thread_in_native, id=8436, stack(0x0000000016e60000,0x0000000016f60000)]

Stack: [0x0000000016e60000,0x0000000016f60000]
[error occurred during error reporting (printing stack bounds), id 0xc0000005]

Native frames: (J=compiled Java code, j=interpreted, Vv=VM code, C=native code)


Current CompileTask:
C2:   2707 1164       4       com.android.dx.ssa.SsaRenamer$BlockRenamer::addMapping (143 bytes)


---------------  P R O C E S S  ---------------

Java Threads: ( => current thread )
  0x00000000171af800 JavaThread "pool-2-thread-4" [_thread_blocked, id=7812, stack(0x0000000017a60000,0x0000000017b60000)]
  0x00000000171ae000 JavaThread "pool-2-thread-3" [_thread_in_Java, id=988, stack(0x0000000017960000,0x0000000017a60000)]
  0x00000000170f2000 JavaThread "pool-2-thread-2" [_thread_blocked, id=4328, stack(0x0000000017860000,0x0000000017960000)]
  0x00000000170e7800 JavaThread "pool-3-thread-1" [_thread_blocked, id=392, stack(0x0000000017760000,0x0000000017860000)]
  0x00000000170e7000 JavaThread "pool-2-thread-1" [_thread_blocked, id=8772, stack(0x0000000017660000,0x0000000017760000)]
  0x0000000016f6d000 JavaThread "Service Thread" daemon [_thread_blocked, id=8872, stack(0x0000000017460000,0x0000000017560000)]
  0x0000000016f68800 JavaThread "C1 CompilerThread2" daemon [_thread_in_vm, id=4972, stack(0x0000000017360000,0x0000000017460000)]
=>0x0000000015710000 JavaThread "C2 CompilerThread1" daemon [_thread_in_native, id=8436, stack(0x0000000016e60000,0x0000000016f60000)]
  0x0000000015709000 JavaThread "C2 CompilerThread0" daemon [_thread_in_native, id=8448, stack(0x0000000016d60000,0x0000000016e60000)]
  0x0000000015707000 JavaThread "Attach Listener" daemon [_thread_blocked, id=6088, stack(0x0000000016c60000,0x0000000016d60000)]
  0x0000000015706000 JavaThread "Signal Dispatcher" daemon [_thread_blocked, id=9016, stack(0x0000000016b60000,0x0000000016c60000)]
  0x0000000003030800 JavaThread "Finalizer" daemon [_thread_blocked, id=7832, stack(0x0000000016980000,0x0000000016a80000)]
  0x000000000302d000 JavaThread "Reference Handler" daemon [_thread_blocked, id=3364, stack(0x0000000016880000,0x0000000016980000)]
  0x0000000002f40800 JavaThread "main" [_thread_in_vm_trans, id=7592, stack(0x0000000002dc0000,0x0000000002ec0000)]

Other Threads:
  0x00000000156d8000 VMThread [stack: 0x0000000016780000,0x0000000016880000] [id=7276]
  0x0000000016f73000 WatcherThread [stack: 0x0000000017560000,0x0000000017660000] [id=992]

VM state:not at safepoint (normal execution)

VM Mutex/Monitor currently owned by a thread: None

Heap:
 PSYoungGen      total 38400K, used 30892K [0x00000000eab00000, 0x00000000ed580000, 0x0000000100000000)
  eden space 33280K, 92% used [0x00000000eab00000,0x00000000ec92b328,0x00000000ecb80000)
  from space 5120K, 0% used [0x00000000ed080000,0x00000000ed080000,0x00000000ed580000)
  to   space 5120K, 0% used [0x00000000ecb80000,0x00000000ecb80000,0x00000000ed080000)
 ParOldGen       total 87552K, used 0K [0x00000000c0000000, 0x00000000c5580000, 0x00000000eab00000)
  object space 87552K, 0% used [0x00000000c0000000,0x00000000c0000000,0x00000000c5580000)
 Metaspace       used 5721K, capacity 6832K, committed 7040K, reserved 1056768K
  class space    used 578K, capacity 616K, committed 640K, reserved 1048576K

Card table byte_map: [0x0000000012400000,0x0000000012610000] byte_map_base: 0x0000000011e00000

Marking Bits: (ParMarkBitMap*) 0x000000006aaaa5b0
 Begin Bits: [0x0000000012b70000, 0x0000000013b70000)
 End Bits:   [0x0000000013b70000, 0x0000000014b70000)

Polling page: 0x00000000014a0000

CodeCache: size=245760Kb used=4602Kb max_used=4615Kb free=241157Kb
 bounds [0x0000000003040000, 0x00000000034d0000, 0x0000000012040000]
 total_blobs=1423 nmethods=1161 adapters=175
 compilation: enabled

Compilation events (10 events):
Event: 2.620 Thread 0x0000000016f68800 nmethod 1163 0x00000000034b85d0 code [0x00000000034b8720, 0x00000000034b8890]
Event: 2.621 Thread 0x0000000016f68800 1166       3       com.android.dx.ssa.back.FirstFitLocalCombiningAllocator::tryMapRegs (110 bytes)
Event: 2.622 Thread 0x0000000016f68800 nmethod 1166 0x00000000034c1610 code [0x00000000034c1860, 0x00000000034c2618]
Event: 2.622 Thread 0x0000000016f68800 1167       1       com.android.dx.cf.code.ByteCatchList$Item::getHandlerPc (5 bytes)
Event: 2.622 Thread 0x0000000016f68800 nmethod 1167 0x00000000034b8310 code [0x00000000034b8460, 0x00000000034b8570]
Event: 2.622 Thread 0x0000000016f68800 1168       1       com.android.dx.cf.code.Ropper$ExceptionHandlerSetup::getLabel (5 bytes)
Event: 2.622 Thread 0x0000000016f68800 nmethod 1168 0x00000000034b8050 code [0x00000000034b81a0, 0x00000000034b82b0]
Event: 2.622 Thread 0x0000000016f68800 1169   !   3       com.android.dx.cf.cst.ConstantPoolParser::parse0 (731 bytes)
Event: 2.703 Thread 0x0000000015710000 nmethod 1154 0x00000000034c4b90 code [0x00000000034c4d20, 0x00000000034c53c8]
Event: 2.703 Thread 0x0000000015710000 1164       4       com.android.dx.ssa.SsaRenamer$BlockRenamer::addMapping (143 bytes)

GC Heap History (0 events):
No events

Deoptimization events (10 events):
Event: 2.553 Thread 0x00000000171af800 Uncommon trap: reason=unstable_if action=reinterpret pc=0x00000000032c11cc method=com.android.dx.rop.code.RegisterSpec.equals(ILcom/android/dx/rop/type/TypeBearer;Lcom/android/dx/rop/code/LocalItem;)Z @ 24
Event: 2.554 Thread 0x00000000171af800 Uncommon trap: reason=unstable_if action=reinterpret pc=0x0000000003378bfc method=com.android.dx.ssa.SsaRenamer$BlockRenamer.addMapping(ILcom/android/dx/rop/code/RegisterSpec;)V @ 120
Event: 2.557 Thread 0x00000000171af800 Uncommon trap: reason=unstable_if action=reinterpret pc=0x000000000340b278 method=com.android.dx.cf.code.Ropper.labelToResultIndex(I)I @ 34
Event: 2.557 Thread 0x00000000171af800 Uncommon trap: reason=class_check action=maybe_recompile pc=0x00000000032c5070 method=com.android.dx.rop.type.Type.equals(Ljava/lang/Object;)Z @ 8
Event: 2.558 Thread 0x00000000171af800 Uncommon trap: reason=class_check action=maybe_recompile pc=0x00000000032c5070 method=com.android.dx.rop.type.Type.equals(Ljava/lang/Object;)Z @ 8
Event: 2.562 Thread 0x00000000171af800 Uncommon trap: reason=class_check action=maybe_recompile pc=0x00000000032c5070 method=com.android.dx.rop.type.Type.equals(Ljava/lang/Object;)Z @ 8
Event: 2.563 Thread 0x00000000171af800 Uncommon trap: reason=class_check action=maybe_recompile pc=0x00000000032c5070 method=com.android.dx.rop.type.Type.equals(Ljava/lang/Object;)Z @ 8
Event: 2.602 Thread 0x00000000170f2000 Uncommon trap: reason=unstable_if action=reinterpret pc=0x00000000032bd2b4 method=java.util.BitSet.ensureCapacity(I)V @ 6
Event: 2.608 Thread 0x00000000170f2000 Uncommon trap: reason=unstable_if action=reinterpret pc=0x0000000003454620 method=com.android.dx.rop.code.RegisterSpec.equals(ILcom/android/dx/rop/type/TypeBearer;Lcom/android/dx/rop/code/LocalItem;)Z @ 16
Event: 2.621 Thread 0x0000000002f40800 Uncommon trap: reason=unloaded action=reinterpret pc=0x00000000031de3e0 method=com.android.dx.cf.cst.ConstantPoolParser.parse0(ILjava/util/BitSet;)Lcom/android/dx/rop/cst/Constant; @ 220

Internal exceptions (2 events):
Event: 0.038 Thread 0x0000000002f40800 Exception <a 'java/lang/NoSuchMethodError': Method sun.misc.Unsafe.defineClass(Ljava/lang/String;[BII)Ljava/lang/Class; name or signature does not match> (0x00000000eab0d340) thrown at [C:\re\workspace\8-2-build-windows-amd64-cygwin\jdk8u60\4407\hotspot\srõA–ÞX£?
Event: 0.038 Thread 0x0000000002f40800 Exception <a 'java/lang/NoSuchMethodError': Method sun.misc.Unsafe.prefetchRead(Ljava/lang/Object;J)V name or signature does not match> (0x00000000eab0d628) thrown at [C:\re\workspace\8-2-build-windows-amd64-cygwin\jdk8u60\4407\hotspot\src\share\vm\prims\j

Events (10 events):
Event: 2.602 Thread 0x00000000170f2000 DEOPT PACKING pc=0x00000000032bd2b4 sp=0x000000001795ee30
Event: 2.602 Thread 0x00000000170f2000 DEOPT UNPACKING pc=0x000000000308582a sp=0x000000001795ed18 mode 2
Event: 2.608 Thread 0x00000000170f2000 Uncommon trap: trap_request=0xffffff65 fr.pc=0x0000000003454620
Event: 2.608 Thread 0x00000000170f2000 DEOPT PACKING pc=0x0000000003454620 sp=0x000000001795ed40
Event: 2.608 Thread 0x00000000170f2000 DEOPT UNPACKING pc=0x000000000308582a sp=0x000000001795ea78 mode 2
Event: 2.621 Thread 0x0000000002f40800 Uncommon trap: trap_request=0x000000d2 fr.pc=0x00000000031de3e0
Event: 2.621 Thread 0x0000000002f40800 DEOPT PACKING pc=0x00000000031de3e0 sp=0x0000000002ebe410
Event: 2.621 Thread 0x0000000002f40800 DEOPT UNPACKING pc=0x000000000308582a sp=0x0000000002ebe3a8 mode 2
Event: 2.623 Executing VM operation: ForceSafepoint
Event: 2.702 Executing VM operation: ForceSafepoint done


Dynamic libraries:
0x00007ff77b240000 - 0x00007ff77b277000 	C:\Program Files\Java\jdk1.8.0_60\bin\java.exe
0x00007ffff0460000 - 0x00007ffff0622000 	C:\WINDOWS\SYSTEM32\ntdll.dll
0x00007fffef5d0000 - 0x00007fffef67d000 	C:\WINDOWS\system32\KERNEL32.DLL
0x00007fffed7a0000 - 0x00007fffed97d000 	C:\WINDOWS\system32\KERNELBASE.dll
0x00007fffef7b0000 - 0x00007fffef856000 	C:\WINDOWS\system32\ADVAPI32.dll
0x00007fffefb70000 - 0x00007fffefc0d000 	C:\WINDOWS\system32\msvcrt.dll
0x00007fffedc40000 - 0x00007fffedc9b000 	C:\WINDOWS\system32\sechost.dll
0x00007fffef680000 - 0x00007fffef7a6000 	C:\WINDOWS\system32\RPCRT4.dll
0x00007fffef9c0000 - 0x00007fffefb0e000 	C:\WINDOWS\system32\USER32.dll
0x00007ffff02d0000 - 0x00007ffff0456000 	C:\WINDOWS\system32\GDI32.dll
0x00007fffe74d0000 - 0x00007fffe7744000 	C:\WINDOWS\WinSxS\amd64_microsoft.windows.common-controls_6595b64144ccf1df_6.0.10240.16384_none_f41f7b285750ef43\COMCTL32.dll
0x00007fffefce0000 - 0x00007fffefd16000 	C:\WINDOWS\system32\IMM32.DLL
0x00007fffef860000 - 0x00007fffef9bc000 	C:\WINDOWS\system32\MSCTF.dll
0x0000000069d00000 - 0x0000000069dd2000 	C:\Program Files\Java\jdk1.8.0_60\jre\bin\msvcr100.dll
0x000000006a2a0000 - 0x000000006ab29000 	C:\Program Files\Java\jdk1.8.0_60\jre\bin\server\jvm.dll
0x00007fffefcd0000 - 0x00007fffefcd8000 	C:\WINDOWS\system32\PSAPI.DLL
0x00007fffe3f60000 - 0x00007fffe3f69000 	C:\WINDOWS\SYSTEM32\WSOCK32.dll
0x00007fffeddb0000 - 0x00007fffede19000 	C:\WINDOWS\system32\WS2_32.dll
0x00007fffef390000 - 0x00007fffef398000 	C:\WINDOWS\system32\NSI.dll
0x00007fffeb3a0000 - 0x00007fffeb3c3000 	C:\WINDOWS\SYSTEM32\WINMM.dll
0x00007fffe9b90000 - 0x00007fffe9b9a000 	C:\WINDOWS\SYSTEM32\VERSION.dll
0x00007fffeb340000 - 0x00007fffeb36c000 	C:\WINDOWS\SYSTEM32\WINMMBASE.dll
0x00007fffecef0000 - 0x00007fffecf34000 	C:\WINDOWS\system32\cfgmgr32.dll
0x00007fffeb7c0000 - 0x00007fffeb7e7000 	C:\WINDOWS\SYSTEM32\DEVOBJ.dll
0x000000006a1b0000 - 0x000000006a1bf000 	C:\Program Files\Java\jdk1.8.0_60\jre\bin\verify.dll
0x000000006a180000 - 0x000000006a1a9000 	C:\Program Files\Java\jdk1.8.0_60\jre\bin\java.dll
0x000000006a160000 - 0x000000006a176000 	C:\Program Files\Java\jdk1.8.0_60\jre\bin\zip.dll
0x00007fffede20000 - 0x00007fffef388000 	C:\WINDOWS\system32\SHELL32.dll
0x00007fffecf40000 - 0x00007fffed568000 	C:\WINDOWS\system32\windows.storage.dll
0x00007fffefe90000 - 0x00007ffff010c000 	C:\WINDOWS\system32\combase.dll
0x00007fffefb10000 - 0x00007fffefb61000 	C:\WINDOWS\system32\shlwapi.dll
0x00007fffecee0000 - 0x00007fffeceef000 	C:\WINDOWS\system32\kernel.appcore.dll
0x00007fffed980000 - 0x00007fffeda33000 	C:\WINDOWS\system32\shcore.dll
0x00007fffece90000 - 0x00007fffeceda000 	C:\WINDOWS\system32\powrprof.dll
0x00007fffece50000 - 0x00007fffece63000 	C:\WINDOWS\system32\profapi.dll
0x00007fffefc10000 - 0x00007fffefcce000 	C:\WINDOWS\system32\OLEAUT32.dll

VM Arguments:
jvm_args: -Djava.awt.headless=true -Xmx1024M -Dfile.encoding=windows-1252 -Duser.country=US -Duser.language=en -Duser.variant 
java_command: com.android.dx.command.Main --dex --force-jumbo --num-threads=4 --multi-dex --output C:\Users\dener\AndroidStudioProjects\OpenCVDemo\app\build\intermediates\transforms\dex\debug\folders\1000\5\slice_2 C:\Users\dener\AndroidStudioProjects\OpenCVDemo\app\build\intermediates\transforms\instantRunSlicer\debug\folders\1\5\slice_2
java_class_path (initial): C:\Users\dener\AppData\Local\Android\sdk\build-tools\23.0.3\lib\dx.jar
Launcher Type: SUN_STANDARD

Environment Variables:
PATH=C:\ProgramData\Oracle\Java\javapath;C:\WINDOWS\system32;C:\WINDOWS;C:\WINDOWS\System32\Wbem;C:\WINDOWS\System32\WindowsPowerShell\v1.0\;C:\Program Files (x86)\NVIDIA Corporation\PhysX\Common;C:\Program Files (x86)\Skype\Phone\;C:\Program Files (x86)\Windows Live\Shared;C:\Program Files (x86)\GtkSharp\2.12\bin
USERNAME=dener
OS=Windows_NT
PROCESSOR_IDENTIFIER=Intel64 Family 6 Model 58 Stepping 9, GenuineIntel



---------------  S Y S T E M  ---------------

OS: Windows 10.0 , 64 bit Build 10240 (10.0.10240.16384)

CPU:total 4 (4 cores per cpu, 1 threads per core) family 6 model 58 stepping 9, cmov, cx8, fxsr, mmx, sse, sse2, sse3, ssse3, sse4.1, sse4.2, popcnt, avx, aes, clmul, erms, tsc, tscinvbit, tscinv

Memory: 4k page, physical 8333200k(1109952k free), swap 9381776k(5188k free)

vm_info: Java HotSpot(TM) 64-Bit Server VM (25.60-b23) for windows-amd64 JRE (1.8.0_60-b27), built on Aug  4 2015 11:06:27 by "java_re" with MS VC++ 10.0 (VS2010)

time: Thu May 05 01:24:19 2016
elapsed time: 2 seconds (0d 0h 0m 2s)

