#
# There is insufficient memory for the Java Runtime Environment to continue.
# Native memory allocation (malloc) failed to allocate 359136 bytes for Chunk::new
# Possible reasons:
#   The system is out of physical RAM or swap space
#   In 32 bit mode, the process size limit was hit
# Possible solutions:
#   Reduce memory load on the system
#   Increase physical memory or swap space
#   Check if swap backing store is full
#   Use 64 bit Java on a 64 bit OS
#   Decrease Java heap size (-Xmx/-Xms)
#   Decrease number of Java threads
#   Decrease Java thread stack sizes (-Xss)
#   Set larger code cache with -XX:ReservedCodeCacheSize=
# This output file may be truncated or incomplete.
#
#  Out of Memory Error (allocation.cpp:390), pid=912, tid=8692
#
# JRE version: Java(TM) SE Runtime Environment (8.0_60-b27) (build 1.8.0_60-b27)
# Java VM: Java HotSpot(TM) 64-Bit Server VM (25.60-b23 mixed mode windows-amd64 compressed oops)
# Failed to write core dump. Minidumps are not enabled by default on client versions of Windows
#

---------------  T H R E A D  ---------------

Current thread (0x0000000014fb9800):  JavaThread "C2 CompilerThread0" daemon [_thread_in_native, id=8692, stack(0x0000000016510000,0x0000000016610000)]

Stack: [0x0000000016510000,0x0000000016610000]
[error occurred during error reporting (printing stack bounds), id 0xc0000005]

Native frames: (J=compiled Java code, j=interpreted, Vv=VM code, C=native code)


Current CompileTask:
C2:   1423 1176 %     4       com.android.dx.ssa.SsaMethod::deleteInsns @ 8 (239 bytes)


---------------  P R O C E S S  ---------------

Java Threads: ( => current thread )
  0x0000000016a63000 JavaThread "pool-2-thread-4" [_thread_blocked, id=9872, stack(0x0000000017210000,0x0000000017310000)]
  0x0000000016a62800 JavaThread "pool-2-thread-3" [_thread_in_Java, id=1092, stack(0x0000000017110000,0x0000000017210000)]
  0x0000000016a57800 JavaThread "pool-2-thread-2" [_thread_in_Java, id=6896, stack(0x0000000017010000,0x0000000017110000)]
  0x000000001697d000 JavaThread "pool-3-thread-1" [_thread_blocked, id=3860, stack(0x0000000016f10000,0x0000000017010000)]
  0x0000000016976000 JavaThread "pool-2-thread-1" [_thread_in_Java, id=10184, stack(0x0000000016e10000,0x0000000016f10000)]
  0x0000000016821000 JavaThread "Service Thread" daemon [_thread_blocked, id=8184, stack(0x0000000016c10000,0x0000000016d10000)]
  0x000000001501c000 JavaThread "C1 CompilerThread2" daemon [_thread_blocked, id=9428, stack(0x0000000016710000,0x0000000016810000)]
  0x0000000014fbc800 JavaThread "C2 CompilerThread1" daemon [_thread_in_native, id=9788, stack(0x0000000016610000,0x0000000016710000)]
=>0x0000000014fb9800 JavaThread "C2 CompilerThread0" daemon [_thread_in_native, id=8692, stack(0x0000000016510000,0x0000000016610000)]
  0x0000000014fb8000 JavaThread "Attach Listener" daemon [_thread_blocked, id=3716, stack(0x0000000016410000,0x0000000016510000)]
  0x0000000014fb6800 JavaThread "Signal Dispatcher" daemon [_thread_blocked, id=8752, stack(0x0000000016310000,0x0000000016410000)]
  0x00000000028e7000 JavaThread "Finalizer" daemon [_thread_blocked, id=600, stack(0x0000000016210000,0x0000000016310000)]
  0x0000000014f89000 JavaThread "Reference Handler" daemon [_thread_blocked, id=2420, stack(0x0000000016110000,0x0000000016210000)]
  0x00000000027f0800 JavaThread "main" [_thread_in_native, id=10016, stack(0x00000000026f0000,0x00000000027f0000)]

Other Threads:
  0x0000000014f87800 VMThread [stack: 0x0000000016010000,0x0000000016110000] [id=3232]
  0x0000000016824800 WatcherThread [stack: 0x0000000016d10000,0x0000000016e10000] [id=5096]

VM state:not at safepoint (normal execution)

VM Mutex/Monitor currently owned by a thread: None

Heap:
 PSYoungGen      total 38400K, used 28267K [0x00000000eab00000, 0x00000000ef600000, 0x0000000100000000)
  eden space 33280K, 69% used [0x00000000eab00000,0x00000000ec1a0988,0x00000000ecb80000)
  from space 5120K, 99% used [0x00000000ecb80000,0x00000000ed07a578,0x00000000ed080000)
  to   space 5120K, 0% used [0x00000000ef100000,0x00000000ef100000,0x00000000ef600000)
 ParOldGen       total 87552K, used 1448K [0x00000000c0000000, 0x00000000c5580000, 0x00000000eab00000)
  object space 87552K, 1% used [0x00000000c0000000,0x00000000c016a210,0x00000000c5580000)
 Metaspace       used 5778K, capacity 6896K, committed 7040K, reserved 1056768K
  class space    used 579K, capacity 616K, committed 640K, reserved 1048576K

Card table byte_map: [0x0000000011cb0000,0x0000000011ec0000] byte_map_base: 0x00000000116b0000

Marking Bits: (ParMarkBitMap*) 0x00000000779ca5b0
 Begin Bits: [0x0000000012420000, 0x0000000013420000)
 End Bits:   [0x0000000013420000, 0x0000000014420000)

Polling page: 0x00000000009e0000

CodeCache: size=245760Kb used=4707Kb max_used=4727Kb free=241052Kb
 bounds [0x00000000028f0000, 0x0000000002da0000, 0x00000000118f0000]
 total_blobs=1438 nmethods=1176 adapters=175
 compilation: enabled

Compilation events (10 events):
Event: 1.404 Thread 0x000000001501c000 1198       2       java.util.TreeMap::put (247 bytes)
Event: 1.405 Thread 0x000000001501c000 nmethod 1198 0x0000000002d846d0 code [0x0000000002d848c0, 0x0000000002d85018]
Event: 1.405 Thread 0x000000001501c000 1199       2       java.util.TreeMap$Entry::<init> (25 bytes)
Event: 1.405 Thread 0x000000001501c000 nmethod 1199 0x0000000002d85450 code [0x0000000002d855a0, 0x0000000002d85730]
Event: 1.405 Thread 0x000000001501c000 1178       2       com.android.dx.dex.cf.AttributeTranslator::getAnnotations0 (62 bytes)
Event: 1.405 Thread 0x000000001501c000 nmethod 1178 0x0000000002d857d0 code [0x0000000002d859c0, 0x0000000002d85f38]
Event: 1.405 Thread 0x000000001501c000 1179       2       com.android.dx.dex.cf.AttributeTranslator::getSignature (26 bytes)
Event: 1.406 Thread 0x000000001501c000 nmethod 1179 0x0000000002d862d0 code [0x0000000002d86440, 0x0000000002d86658]
Event: 1.411 Thread 0x0000000014fb9800 nmethod 1078 0x0000000002d8b5d0 code [0x0000000002d8b8a0, 0x0000000002d8d9f0]
Event: 1.411 Thread 0x0000000014fb9800 1176 %     4       com.android.dx.ssa.SsaMethod::deleteInsns @ 8 (239 bytes)

GC Heap History (2 events):
Event: 1.116 GC heap before
{Heap before GC invocations=1 (full 0):
 PSYoungGen      total 38400K, used 33280K [0x00000000eab00000, 0x00000000ed580000, 0x0000000100000000)
  eden space 33280K, 100% used [0x00000000eab00000,0x00000000ecb80000,0x00000000ecb80000)
  from space 5120K, 0% used [0x00000000ed080000,0x00000000ed080000,0x00000000ed580000)
  to   space 5120K, 0% used [0x00000000ecb80000,0x00000000ecb80000,0x00000000ed080000)
 ParOldGen       total 87552K, used 0K [0x00000000c0000000, 0x00000000c5580000, 0x00000000eab00000)
  object space 87552K, 0% used [0x00000000c0000000,0x00000000c0000000,0x00000000c5580000)
 Metaspace       used 5697K, capacity 6832K, committed 7040K, reserved 1056768K
  class space    used 579K, capacity 616K, committed 640K, reserved 1048576K
Event: 1.311 GC heap after
Heap after GC invocations=1 (full 0):
 PSYoungGen      total 38400K, used 5097K [0x00000000eab00000, 0x00000000ef600000, 0x0000000100000000)
  eden space 33280K, 0% used [0x00000000eab00000,0x00000000eab00000,0x00000000ecb80000)
  from space 5120K, 99% used [0x00000000ecb80000,0x00000000ed07a578,0x00000000ed080000)
  to   space 5120K, 0% used [0x00000000ef100000,0x00000000ef100000,0x00000000ef600000)
 ParOldGen       total 87552K, used 1448K [0x00000000c0000000, 0x00000000c5580000, 0x00000000eab00000)
  object space 87552K, 1% used [0x00000000c0000000,0x00000000c016a210,0x00000000c5580000)
 Metaspace       used 5697K, capacity 6832K, committed 7040K, reserved 1056768K
  class space    used 579K, capacity 616K, committed 640K, reserved 1048576K
}

Deoptimization events (6 events):
Event: 0.414 Thread 0x0000000016976000 Uncommon trap: reason=unstable_if action=reinterpret pc=0x0000000002af2f38 method=java.util.HashMap.getNode(ILjava/lang/Object;)Ljava/util/HashMap$Node; @ 62
Event: 0.594 Thread 0x0000000016a63000 Uncommon trap: reason=unstable_if action=reinterpret pc=0x0000000002af0558 method=java.util.HashMap.getNode(ILjava/lang/Object;)Ljava/util/HashMap$Node; @ 62
Event: 0.706 Thread 0x0000000016a62800 Uncommon trap: reason=class_check action=maybe_recompile pc=0x0000000002c19384 method=com.android.dx.ssa.NormalSsaInsn.accept(Lcom/android/dx/ssa/SsaInsn$Visitor;)V @ 9
Event: 0.706 Thread 0x0000000016a62800 Uncommon trap: reason=class_check action=maybe_recompile pc=0x0000000002c19384 method=com.android.dx.ssa.NormalSsaInsn.accept(Lcom/android/dx/ssa/SsaInsn$Visitor;)V @ 9
Event: 0.706 Thread 0x0000000016a62800 Uncommon trap: reason=class_check action=maybe_recompile pc=0x0000000002c19384 method=com.android.dx.ssa.NormalSsaInsn.accept(Lcom/android/dx/ssa/SsaInsn$Visitor;)V @ 9
Event: 0.880 Thread 0x0000000016a63000 Uncommon trap: reason=class_check action=maybe_recompile pc=0x0000000002c19384 method=com.android.dx.ssa.NormalSsaInsn.accept(Lcom/android/dx/ssa/SsaInsn$Visitor;)V @ 9

Internal exceptions (2 events):
Event: 0.034 Thread 0x00000000027f0800 Exception <a 'java/lang/NoSuchMethodError': Method sun.misc.Unsafe.defineClass(Ljava/lang/String;[BII)Ljava/lang/Class; name or signature does not match> (0x00000000eab0d340) thrown at [C:\re\workspace\8-2-build-windows-amd64-cygwin\jdk8u60\4407\hotspot\srRè≥(›:°?
Event: 0.034 Thread 0x00000000027f0800 Exception <a 'java/lang/NoSuchMethodError': Method sun.misc.Unsafe.prefetchRead(Ljava/lang/Object;J)V name or signature does not match> (0x00000000eab0d628) thrown at [C:\re\workspace\8-2-build-windows-amd64-cygwin\jdk8u60\4407\hotspot\src\share\vm\prims\j

Events (10 events):
Event: 0.853 Executing VM operation: ForceSafepoint done
Event: 0.880 Thread 0x0000000016a63000 Uncommon trap: trap_request=0xffffffde fr.pc=0x0000000002c19384
Event: 0.880 Thread 0x0000000016a63000 DEOPT PACKING pc=0x0000000002c19384 sp=0x000000001730e7f0
Event: 0.880 Thread 0x0000000016a63000 DEOPT UNPACKING pc=0x000000000293582a sp=0x000000001730e830 mode 2
Event: 0.882 Thread 0x0000000016a63000 DEOPT PACKING pc=0x0000000002c4273a sp=0x000000001730e830
Event: 0.882 Thread 0x0000000016a63000 DEOPT UNPACKING pc=0x000000000293787f sp=0x000000001730e598 mode 0
Event: 0.974 Thread 0x0000000016a57800 DEOPT PACKING pc=0x0000000002c4273a sp=0x000000001710e8b0
Event: 0.974 Thread 0x0000000016a57800 DEOPT UNPACKING pc=0x000000000293787f sp=0x000000001710e618 mode 0
Event: 1.016 Executing VM operation: ParallelGCFailedAllocation
Event: 1.311 Executing VM operation: ParallelGCFailedAllocation done


Dynamic libraries:
0x00007ff66b130000 - 0x00007ff66b167000 	C:\Program Files\Java\jdk1.8.0_60\bin\java.exe
0x00007ffae73f0000 - 0x00007ffae75b2000 	C:\WINDOWS\SYSTEM32\ntdll.dll
0x00007ffae7270000 - 0x00007ffae731d000 	C:\WINDOWS\system32\KERNEL32.DLL
0x00007ffae4840000 - 0x00007ffae4a1d000 	C:\WINDOWS\system32\KERNELBASE.dll
0x00007ffae51a0000 - 0x00007ffae5246000 	C:\WINDOWS\system32\ADVAPI32.dll
0x00007ffae7170000 - 0x00007ffae720d000 	C:\WINDOWS\system32\msvcrt.dll
0x00007ffae5250000 - 0x00007ffae52ab000 	C:\WINDOWS\system32\sechost.dll
0x00007ffae6f80000 - 0x00007ffae70a6000 	C:\WINDOWS\system32\RPCRT4.dll
0x00007ffae58c0000 - 0x00007ffae5a0e000 	C:\WINDOWS\system32\USER32.dll
0x00007ffae4ec0000 - 0x00007ffae5046000 	C:\WINDOWS\system32\GDI32.dll
0x00007ffade390000 - 0x00007ffade604000 	C:\WINDOWS\WinSxS\amd64_microsoft.windows.common-controls_6595b64144ccf1df_6.0.10240.16384_none_f41f7b285750ef43\COMCTL32.dll
0x00007ffae5060000 - 0x00007ffae5096000 	C:\WINDOWS\system32\IMM32.DLL
0x00007ffae5530000 - 0x00007ffae568c000 	C:\WINDOWS\system32\MSCTF.dll
0x0000000076c60000 - 0x0000000076d32000 	C:\Program Files\Java\jdk1.8.0_60\jre\bin\msvcr100.dll
0x00000000771c0000 - 0x0000000077a49000 	C:\Program Files\Java\jdk1.8.0_60\jre\bin\server\jvm.dll
0x00007ffae5050000 - 0x00007ffae5058000 	C:\WINDOWS\system32\PSAPI.DLL
0x00007ffadaaa0000 - 0x00007ffadaaa9000 	C:\WINDOWS\SYSTEM32\WSOCK32.dll
0x00007ffae7380000 - 0x00007ffae73e9000 	C:\WINDOWS\system32\WS2_32.dll
0x00007ffae4af0000 - 0x00007ffae4af8000 	C:\WINDOWS\system32\NSI.dll
0x00007ffae0d60000 - 0x00007ffae0d6a000 	C:\WINDOWS\SYSTEM32\VERSION.dll
0x00007ffae22e0000 - 0x00007ffae2303000 	C:\WINDOWS\SYSTEM32\WINMM.dll
0x00007ffae2280000 - 0x00007ffae22ac000 	C:\WINDOWS\SYSTEM32\WINMMBASE.dll
0x00007ffae3e80000 - 0x00007ffae3ec4000 	C:\WINDOWS\system32\cfgmgr32.dll
0x00007ffae2750000 - 0x00007ffae2777000 	C:\WINDOWS\SYSTEM32\DEVOBJ.dll
0x00000000770d0000 - 0x00000000770df000 	C:\Program Files\Java\jdk1.8.0_60\jre\bin\verify.dll
0x00000000770a0000 - 0x00000000770c9000 	C:\Program Files\Java\jdk1.8.0_60\jre\bin\java.dll
0x0000000077080000 - 0x0000000077096000 	C:\Program Files\Java\jdk1.8.0_60\jre\bin\zip.dll
0x00007ffae5a10000 - 0x00007ffae6f78000 	C:\WINDOWS\system32\SHELL32.dll
0x00007ffae4040000 - 0x00007ffae4668000 	C:\WINDOWS\system32\windows.storage.dll
0x00007ffae52b0000 - 0x00007ffae552c000 	C:\WINDOWS\system32\combase.dll
0x00007ffae5690000 - 0x00007ffae56e1000 	C:\WINDOWS\system32\shlwapi.dll
0x00007ffae3e20000 - 0x00007ffae3e2f000 	C:\WINDOWS\system32\kernel.appcore.dll
0x00007ffae3f80000 - 0x00007ffae4033000 	C:\WINDOWS\system32\shcore.dll
0x00007ffae3e30000 - 0x00007ffae3e7a000 	C:\WINDOWS\system32\powrprof.dll
0x00007ffae3de0000 - 0x00007ffae3df3000 	C:\WINDOWS\system32\profapi.dll
0x00007ffae70b0000 - 0x00007ffae716e000 	C:\WINDOWS\system32\OLEAUT32.dll

VM Arguments:
jvm_args: -Djava.awt.headless=true -Xmx1024M -Dfile.encoding=windows-1252 -Duser.country=US -Duser.language=en -Duser.variant 
java_command: com.android.dx.command.Main --dex --force-jumbo --num-threads=4 --multi-dex --output C:\Users\dener\AndroidStudioProjects\OpenCVDemo\app\build\intermediates\transforms\dex\debug\folders\1000\5\slice_4 C:\Users\dener\AndroidStudioProjects\OpenCVDemo\app\build\intermediates\transforms\instantRunSlicer\debug\folders\1\5\slice_4
java_class_path (initial): C:\Users\dener\AppData\Local\Android\sdk\build-tools\23.0.3\lib\dx.jar
Launcher Type: SUN_STANDARD

Environment Variables:
PATH=C:\ProgramData\Oracle\Java\javapath;C:\WINDOWS\system32;C:\WINDOWS;C:\WINDOWS\System32\Wbem;C:\WINDOWS\System32\WindowsPowerShell\v1.0\;C:\Program Files (x86)\NVIDIA Corporation\PhysX\Common;C:\Program Files (x86)\Skype\Phone\;C:\Program Files (x86)\Windows Live\Shared;C:\Program Files (x86)\GtkSharp\2.12\bin
USERNAME=dener
OS=Windows_NT
PROCESSOR_IDENTIFIER=Intel64 Family 6 Model 58 Stepping 9, GenuineIntel



---------------  S Y S T E M  ---------------

OS: Windows 10.0 , 64 bit Build 10240 (10.0.10240.16384)

CPU:total 4 (4 cores per cpu, 1 threads per core) family 6 model 58 stepping 9, cmov, cx8, fxsr, mmx, sse, sse2, sse3, ssse3, sse4.1, sse4.2, popcnt, avx, aes, clmul, erms, tsc, tscinvbit, tscinv

Memory: 4k page, physical 8333200k(1117956k free), swap 9381776k(5232k free)

vm_info: Java HotSpot(TM) 64-Bit Server VM (25.60-b23) for windows-amd64 JRE (1.8.0_60-b27), built on Aug  4 2015 11:06:27 by "java_re" with MS VC++ 10.0 (VS2010)

time: Sun May 08 01:43:07 2016
elapsed time: 1 seconds (0d 0h 0m 1s)

